<?xml version="1.0" encoding="UTF-8"?>
<testng-results skipped="0" failed="0" total="1" passed="1">
  <reporter-output>
  </reporter-output>
  <suite name="Default suite" duration-ms="17672" started-at="2020-03-09T10:13:27Z" finished-at="2020-03-09T10:13:45Z">
    <groups>
    </groups>
    <test name="Default test" duration-ms="17672" started-at="2020-03-09T10:13:27Z" finished-at="2020-03-09T10:13:45Z">
      <class name="testngtutorial.VarifyTitletestNG">
        <test-method status="PASS" signature="varifyTitle()[pri:0, instance:testngtutorial.VarifyTitletestNG@3ab39c39]" name="varifyTitle" duration-ms="17640" started-at="2020-03-09T15:43:27Z" description="This is varifying thr title" finished-at="2020-03-09T15:43:45Z">
          <reporter-output>
          </reporter-output>
        </test-method> <!-- varifyTitle -->
      </class> <!-- testngtutorial.VarifyTitletestNG -->
    </test> <!-- Default test -->
  </suite> <!-- Default suite -->
</testng-results>
