<?xml version="1.0" encoding="UTF-8"?>
<!-- Generated by org.testng.reporters.JUnitXMLReporter -->
<testsuite hostname="SAIF-ALAM-PC" name="ListenerAtSuiteLevel" tests="2" failures="1" timestamp="8 Mar 2020 05:58:53 GMT" time="12.403" errors="0">
  <testcase name="varifytitle" time="0.0" classname="testngtutorial.VarifyTitleListenerDemo">
    <failure type="java.lang.AssertionError" message="expected [true] but found [false]">
      <![CDATA[java.lang.AssertionError: expected [true] but found [false]
	at testngtutorial.VarifyTitleListenerDemo.varifytitle(VarifyTitleListenerDemo.java:30)
... Removed 28 stack frames]]>
    </failure>
  </testcase> <!-- varifytitle -->
  <testcase name="varifytitleDemp" time="12.369" classname="testngtutorial.VarifyTitleListenerDemo"/>
</testsuite> <!-- ListenerAtSuiteLevel -->
